<?xml version="1.0" encoding="UTF-8"?>
<testsuite name="com.example.springjwt.SpringJwtApplicationTests" tests="1" skipped="0" failures="0" errors="0" timestamp="2024-09-30T02:59:22" hostname="KIM_MINSANG" time="0.607">
  <properties/>
  <testcase name="contextLoads()" classname="com.example.springjwt.SpringJwtApplicationTests" time="0.607"/>
  <system-out><![CDATA[11:59:15.174 [Test worker] INFO org.springframework.test.context.support.AnnotationConfigContextLoaderUtils -- Could not detect default configuration classes for test class [com.example.springjwt.SpringJwtApplicationTests]: SpringJwtApplicationTests does not declare any static, non-private, non-final, nested classes annotated with @Configuration.
11:59:15.303 [Test worker] INFO org.springframework.boot.test.context.SpringBootTestContextBootstrapper -- Found @SpringBootConfiguration com.example.springjwt.SpringJwtApplication for test class com.example.springjwt.SpringJwtApplicationTests

  .   ____          _            __ _ _
 /\\ / ___'_ __ _ _(_)_ __  __ _ \ \ \ \
( ( )\___ | '_ | '_| | '_ \/ _` | \ \ \ \
 \\/  ___)| |_)| | | | | || (_| |  ) ) ) )
  '  |____| .__|_| |_|_| |_\__, | / / / /
 =========|_|==============|___/=/_/_/_/
 :: Spring Boot ::                (v3.2.1)

2024-09-30T11:59:15.806+09:00  INFO 7816 --- [    Test worker] c.e.springjwt.SpringJwtApplicationTests  : Starting SpringJwtApplicationTests using Java 17.0.12 with PID 7816 (started by minsa in C:\Users\minsa\Desktop\SpringJWT - exchange_controller 추가 후)
2024-09-30T11:59:15.807+09:00  INFO 7816 --- [    Test worker] c.e.springjwt.SpringJwtApplicationTests  : No active profile set, falling back to 1 default profile: "default"
2024-09-30T11:59:16.956+09:00  INFO 7816 --- [    Test worker] .s.d.r.c.RepositoryConfigurationDelegate : Bootstrapping Spring Data JPA repositories in DEFAULT mode.
2024-09-30T11:59:17.061+09:00  INFO 7816 --- [    Test worker] .s.d.r.c.RepositoryConfigurationDelegate : Finished Spring Data repository scanning in 92 ms. Found 2 JPA repository interfaces.
2024-09-30T11:59:17.816+09:00  INFO 7816 --- [    Test worker] o.hibernate.jpa.internal.util.LogHelper  : HHH000204: Processing PersistenceUnitInfo [name: default]
2024-09-30T11:59:17.899+09:00  INFO 7816 --- [    Test worker] org.hibernate.Version                    : HHH000412: Hibernate ORM core version 6.4.1.Final
2024-09-30T11:59:17.934+09:00  INFO 7816 --- [    Test worker] o.h.c.internal.RegionFactoryInitiator    : HHH000026: Second-level cache disabled
2024-09-30T11:59:18.270+09:00  INFO 7816 --- [    Test worker] o.s.o.j.p.SpringPersistenceUnitInfo      : No LoadTimeWeaver setup: ignoring JPA class transformer
2024-09-30T11:59:18.306+09:00  INFO 7816 --- [    Test worker] com.zaxxer.hikari.HikariDataSource       : HikariPool-1 - Starting...
2024-09-30T11:59:19.111+09:00  INFO 7816 --- [    Test worker] com.zaxxer.hikari.pool.HikariPool        : HikariPool-1 - Added connection com.mysql.cj.jdbc.ConnectionImpl@30704f85
2024-09-30T11:59:19.116+09:00  INFO 7816 --- [    Test worker] com.zaxxer.hikari.HikariDataSource       : HikariPool-1 - Start completed.
2024-09-30T11:59:20.626+09:00  INFO 7816 --- [    Test worker] o.h.e.t.j.p.i.JtaPlatformInitiator       : HHH000489: No JTA platform available (set 'hibernate.transaction.jta.platform' to enable JTA platform integration)
2024-09-30T11:59:20.630+09:00  INFO 7816 --- [    Test worker] j.LocalContainerEntityManagerFactoryBean : Initialized JPA EntityManagerFactory for persistence unit 'default'
2024-09-30T11:59:21.198+09:00  WARN 7816 --- [    Test worker] JpaBaseConfiguration$JpaWebConfiguration : spring.jpa.open-in-view is enabled by default. Therefore, database queries may be performed during view rendering. Explicitly configure spring.jpa.open-in-view to disable this warning
2024-09-30T11:59:21.692+09:00  INFO 7816 --- [    Test worker] o.s.s.web.DefaultSecurityFilterChain     : Will secure any request with [org.springframework.security.web.session.DisableEncodeUrlFilter@6c3627c, org.springframework.security.web.context.request.async.WebAsyncManagerIntegrationFilter@e5d9fa7, org.springframework.security.web.context.SecurityContextHolderFilter@6421bc7e, org.springframework.security.web.header.HeaderWriterFilter@4df54c1, org.springframework.web.filter.CorsFilter@4010f232, com.example.springjwt.jwt.CustomLogoutFilter@24be6e34, org.springframework.security.web.authentication.logout.LogoutFilter@76ccde41, com.example.springjwt.jwt.JWTFilter@39f3285d, com.example.springjwt.jwt.LoginFilter@5b312863, org.springframework.security.web.savedrequest.RequestCacheAwareFilter@5e572b08, org.springframework.security.web.servletapi.SecurityContextHolderAwareRequestFilter@6908674b, org.springframework.security.web.authentication.AnonymousAuthenticationFilter@1cf7c055, org.springframework.security.web.session.SessionManagementFilter@c950fd, org.springframework.security.web.access.ExceptionTranslationFilter@53fb3e1b, org.springframework.security.web.access.intercept.AuthorizationFilter@654dbb78]
2024-09-30T11:59:22.148+09:00  INFO 7816 --- [    Test worker] c.e.springjwt.SpringJwtApplicationTests  : Started SpringJwtApplicationTests in 6.628 seconds (process running for 8.169)
]]></system-out>
  <system-err><![CDATA[]]></system-err>
</testsuite>
